<?xml version="1.0" encoding="UTF-8"?>
<!-- Generated by org.testng.reporters.JUnitReportReporter -->
<testsuite hostname="DESKTOP-NNGQNDK" failures="0" tests="3" name="com.sgtesting.tests.Users" time="0.017" errors="0" timestamp="2022-03-21T12:35:20 IST" skipped="0">
  <testcase classname="com.sgtesting.tests.Users" name="createUser" time="0.011"/>
  <system-out/>
  <testcase classname="com.sgtesting.tests.Users" name="deleteUser" time="0.002"/>
  <system-out/>
  <testcase classname="com.sgtesting.tests.Users" name="modifyUser" time="0.004"/>
  <system-out/>
</testsuite> <!-- com.sgtesting.tests.Users -->
