<?xml version="1.0" encoding="UTF-8"?>
<!-- Generated by org.testng.reporters.JUnitReportReporter -->
<testsuite hostname="DESKTOP-NNGQNDK" failures="0" tests="3" name="com.sgtesting.tests.Products" time="0.002" errors="0" timestamp="2022-03-21T12:35:20 IST" skipped="0">
  <testcase classname="com.sgtesting.tests.Products" name="createProduct" time="0.001"/>
  <system-out/>
  <testcase classname="com.sgtesting.tests.Products" name="deleteProduct" time="0.001"/>
  <system-out/>
  <testcase classname="com.sgtesting.tests.Products" name="modifyProduct" time="0.000"/>
  <system-out/>
</testsuite> <!-- com.sgtesting.tests.Products -->
