<?xml version="1.0" encoding="UTF-8"?>
<!-- Generated by org.testng.reporters.JUnitReportReporter -->
<testsuite hostname="DESKTOP-NNGQNDK" failures="0" tests="8" name="com.sgtesting.testcases.CreateUserScenarioDemo" time="37.164" errors="0" timestamp="2022-03-11T17:09:10 IST" skipped="0">
  <testcase classname="com.sgtesting.testcases.CreateUserScenarioDemo" name="launchBrowser" time="2.070"/>
  <system-out/>
  <testcase classname="com.sgtesting.testcases.CreateUserScenarioDemo" name="navigate" time="2.260"/>
  <system-out/>
  <testcase classname="com.sgtesting.testcases.CreateUserScenarioDemo" name="login" time="4.206"/>
  <system-out/>
  <testcase classname="com.sgtesting.testcases.CreateUserScenarioDemo" name="minimizeFlyOutWindow" time="2.087"/>
  <system-out/>
  <testcase classname="com.sgtesting.testcases.CreateUserScenarioDemo" name="createUser" time="16.917"/>
  <system-out/>
  <testcase classname="com.sgtesting.testcases.CreateUserScenarioDemo" name="deleteUser" time="7.251"/>
  <system-out/>
  <testcase classname="com.sgtesting.testcases.CreateUserScenarioDemo" name="logout" time="2.258"/>
  <system-out/>
  <testcase classname="com.sgtesting.testcases.CreateUserScenarioDemo" name="closeApplication" time="0.115"/>
  <system-out/>
</testsuite> <!-- com.sgtesting.testcases.CreateUserScenarioDemo -->
